Arguments: 
  /home/paulesson/.nvm/versions/node/v8.6.0/bin/node /usr/share/yarn/bin/yarn.js

PATH: 
  /home/paulesson/.nvm/versions/node/v8.6.0/bin:/home/paulesson/.linuxbrew/bin:/home/paulesson/.sdkman/candidates/gradle/current/bin:/usr/local/sbin:/usr/local/bin:/usr/sbin:/usr/bin:/sbin:/bin:/usr/games:/usr/local/games:/snap/bin:/home/paulesson/.rvm/bin:/home/paulesson/bin

Yarn version: 
  1.3.2

Node version: 
  8.6.0

Platform: 
  linux x64

npm manifest: 
  {
    "name": "serverless-cloudformations-crossregion-vars",
    "version": "1.0.0",
    "description": "Serverless plugin to get varibles from cross region cloudformation templates",
    "main": "index.js",
    "scripts": {
      "test": "echo \"Error: no test specified\" && exit 1",
      "build": "babel src --out-dir lib"
    },
    "files": [
      "lib",
      "src"
    ],
    "dependencies": {
      "aws-cli": "^0.0.1",
      "babel-runtime": "6.23.0",
      "rxjs": "^5.5.5",
    },
    "devDependencies": {
      "babel-cli": "6.18.0",
      "babel-core": "6.21.0",
      "babel-eslint": "7.1.1",
      "babel-plugin-add-module-exports": "0.2.1",
      "babel-plugin-transform-object-rest-spread": "6.23.0",
      "babel-plugin-transform-runtime": "6.23.0",
      "babel-preset-env": "1.4.0",
      "babel-register": "6.18.0",
      "nyc": "10.0.0",
      "serverless": "1.17.0"
    },
    "keywords": [
      "serverless",
      "serverless applications",
      "aws",
      "aws lambda",
      "amazon",
      "amazon web services",
      "serverless.com"
    ],
    "peerDependencies": {
      "serverless": ">=1.16.0"
    },
    "author": "Paul Esson",
    "license": "ISC"
  }

yarn manifest: 
  No manifest

Lockfile: 
  No lockfile

Trace: 
  SyntaxError: /home/paulesson/projects/serverless-plugin-cloudformations-crossregion-vars/package.json: Unexpected token } in JSON at position 457
      at JSON.parse (<anonymous>)
      at /usr/share/yarn/lib/cli.js:770:59
      at Generator.next (<anonymous>)
      at step (/usr/share/yarn/lib/cli.js:92:30)
      at /usr/share/yarn/lib/cli.js:103:13
      at <anonymous>
